f:\溢油雷达\multithread\multithread_v1\multithread\multithread\multithread\x64\debug\multithread.pch
f:\溢油雷达\multithread\multithread_v1\multithread\multithread\multithread\x64\debug\vc140.pdb
f:\溢油雷达\multithread\multithread_v1\multithread\multithread\multithread\x64\debug\vc140.idb
f:\溢油雷达\multithread\multithread_v1\multithread\multithread\multithread\x64\debug\stdafx.obj
f:\溢油雷达\multithread\multithread_v1\multithread\multithread\multithread\x64\debug\admultiple.obj
f:\溢油雷达\multithread\multithread_v1\multithread\multithread\multithread\x64\debug\command.obj
f:\溢油雷达\multithread\multithread_v1\multithread\multithread\multithread\x64\debug\function.obj
f:\溢油雷达\multithread\multithread_v1\multithread\multithread\multithread\x64\debug\imshow.obj
f:\溢油雷达\multithread\multithread_v1\multithread\multithread\multithread\x64\debug\multithread.obj
f:\溢油雷达\multithread\multithread_v1\multithread\multithread\multithread\x64\debug\qt_import.obj
f:\溢油雷达\multithread\multithread_v1\multithread\multithread\multithread\x64\debug\serialport.obj
f:\溢油雷达\multithread\multithread_v1\multithread\multithread\multithread\x64\debug\tcpclient.obj
f:\溢油雷达\multithread\multithread_v1\multithread\multithread\x64\debug\multithread.ilk
f:\溢油雷达\multithread\multithread_v1\multithread\multithread\x64\debug\multithread.exe
f:\溢油雷达\multithread\multithread_v1\multithread\multithread\x64\debug\multithread.pdb
f:\溢油雷达\multithread\multithread_v1\multithread\multithread\multithread\x64\debug\multithread.tlog\cl.command.1.tlog
f:\溢油雷达\multithread\multithread_v1\multithread\multithread\multithread\x64\debug\multithread.tlog\cl.read.1.tlog
f:\溢油雷达\multithread\multithread_v1\multithread\multithread\multithread\x64\debug\multithread.tlog\cl.write.1.tlog
f:\溢油雷达\multithread\multithread_v1\multithread\multithread\multithread\x64\debug\multithread.tlog\link.command.1.tlog
f:\溢油雷达\multithread\multithread_v1\multithread\multithread\multithread\x64\debug\multithread.tlog\link.read.1.tlog
f:\溢油雷达\multithread\multithread_v1\multithread\multithread\multithread\x64\debug\multithread.tlog\link.write.1.tlog
